
> @plane/i18n@1.2.0 build /root/plane-hybrid-deployment/packages/i18n
> tsdown

ℹ tsdown v0.16.0 powered by rolldown v1.0.0-beta.46
ℹ Using tsdown config: /root/plane-hybrid-deployment/packages/i18n/tsdown.config.ts
ℹ entry: src/index.ts
ℹ tsconfig: tsconfig.json
ℹ Build start
ℹ Cleaning 163 files
ℹ dist/index.js                         14.95 kB │ gzip:  4.11 kB
ℹ dist/translations-Bhb-zHF8.js.map    156.92 kB │ gzip: 31.26 kB
ℹ dist/translations-BDoRpFv7.js.map    152.47 kB │ gzip: 30.83 kB
ℹ dist/translations-CmNDbBAf.js.map    140.96 kB │ gzip: 29.50 kB
ℹ dist/translations-B62tteMh.js.map    137.47 kB │ gzip: 28.52 kB
ℹ dist/translations-UUNIktJQ.js.map    133.76 kB │ gzip: 29.50 kB
ℹ dist/translations-B1PCm7rE.js.map    130.82 kB │ gzip: 28.93 kB
ℹ dist/translations-DNozZaU2.js.map    130.50 kB │ gzip: 28.30 kB
ℹ dist/translations-Pvu3yt-a.js.map    129.48 kB │ gzip: 29.19 kB
ℹ dist/translations-DW_K5yIF.js.map    128.93 kB │ gzip: 28.67 kB
ℹ dist/translations-B2TWFRVx.js.map    128.87 kB │ gzip: 28.56 kB
ℹ dist/translations-QmzuNDJK.js.map    125.68 kB │ gzip: 27.62 kB
ℹ dist/translations-EBMywXIF.js.map    125.61 kB │ gzip: 28.21 kB
ℹ dist/translations-l3KgGcEA.js.map    125.53 kB │ gzip: 27.77 kB
ℹ dist/translations-DL6tY_OO.js.map    123.97 kB │ gzip: 27.28 kB
ℹ dist/translations-DPDCnerQ.js.map    121.59 kB │ gzip: 27.93 kB
ℹ dist/translations-DEDisMsY.js.map    121.41 kB │ gzip: 27.83 kB
ℹ dist/translations-CesXN161.js.map    120.95 kB │ gzip: 27.82 kB
ℹ dist/translations-CcNuvddF.js.map    117.41 kB │ gzip: 28.30 kB
ℹ dist/translations-Bhb-zHF8.js        117.23 kB │ gzip: 25.79 kB
ℹ dist/translations-B_G1dQwd.js.map    115.20 kB │ gzip: 27.89 kB
ℹ dist/translations-BDoRpFv7.js        112.88 kB │ gzip: 25.50 kB
ℹ dist/translations-CmNDbBAf.js        101.22 kB │ gzip: 24.18 kB
ℹ dist/translations-B62tteMh.js         97.64 kB │ gzip: 23.20 kB
ℹ dist/translations-UUNIktJQ.js         93.74 kB │ gzip: 24.17 kB
ℹ dist/translations-DNozZaU2.js         90.87 kB │ gzip: 22.96 kB
ℹ dist/translations-B1PCm7rE.js         90.73 kB │ gzip: 23.55 kB
ℹ dist/translations-Pvu3yt-a.js         89.60 kB │ gzip: 23.82 kB
ℹ dist/translations-DW_K5yIF.js         88.97 kB │ gzip: 23.29 kB
ℹ dist/translations-B2TWFRVx.js         88.92 kB │ gzip: 23.17 kB
ℹ dist/index.d.ts.map                   88.59 kB │ gzip:  4.96 kB
ℹ dist/translations-EBMywXIF.js         86.07 kB │ gzip: 22.86 kB
ℹ dist/translations-QmzuNDJK.js         85.95 kB │ gzip: 22.37 kB
ℹ dist/translations-l3KgGcEA.js         84.47 kB │ gzip: 22.30 kB
ℹ dist/translations-DL6tY_OO.js         84.14 kB │ gzip: 21.97 kB
ℹ dist/translations-DPDCnerQ.js         82.08 kB │ gzip: 22.54 kB
ℹ dist/translations-DEDisMsY.js         81.91 kB │ gzip: 22.48 kB
ℹ dist/translations-CesXN161.js         81.42 kB │ gzip: 22.45 kB
ℹ dist/translations-CcNuvddF.js         77.98 kB │ gzip: 22.86 kB
ℹ dist/translations-B_G1dQwd.js         76.12 kB │ gzip: 22.44 kB
ℹ dist/index.js.map                     24.44 kB │ gzip:  5.89 kB
ℹ dist/empty-state-DExnsw0Z.js.map      15.65 kB │ gzip:  3.84 kB
ℹ dist/empty-state-CmGnpdzi.js.map      15.27 kB │ gzip:  3.82 kB
ℹ dist/empty-state-DExnsw0Z.js          12.93 kB │ gzip:  3.39 kB
ℹ dist/empty-state-CmGnpdzi.js          12.57 kB │ gzip:  3.37 kB
ℹ dist/empty-state-BZXh-NJB.js.map      12.37 kB │ gzip:  3.29 kB
ℹ dist/empty-state-Bz380OY7.js.map      12.29 kB │ gzip:  3.38 kB
ℹ dist/empty-state-CX_bqipC.js.map      11.85 kB │ gzip:  3.22 kB
ℹ dist/empty-state-B9peiBhq.js.map      11.51 kB │ gzip:  3.27 kB
ℹ dist/empty-state-BbmJMue4.js.map      11.44 kB │ gzip:  3.21 kB
ℹ dist/empty-state-Dku1Pk_I.js.map      11.41 kB │ gzip:  3.15 kB
ℹ dist/empty-state-DuDTi8Pa.js.map      11.32 kB │ gzip:  3.32 kB
ℹ dist/empty-state-CrcBeIbI.js.map      11.25 kB │ gzip:  3.29 kB
ℹ dist/empty-state-DwKYSi5P.js.map      11.13 kB │ gzip:  3.09 kB
ℹ dist/empty-state-D5qcQX_G.js.map      11.13 kB │ gzip:  3.08 kB
ℹ dist/empty-state-C_lwFNRg.js.map      11.10 kB │ gzip:  3.27 kB
ℹ dist/empty-state-zRY-HB-Z.js.map      10.97 kB │ gzip:  2.98 kB
ℹ dist/empty-state-C-hIr8ir.js.map      10.87 kB │ gzip:  3.09 kB
ℹ dist/empty-state-2HXwXn3J.js.map      10.61 kB │ gzip:  2.85 kB
ℹ dist/empty-state-De98ycgO.js.map       9.77 kB │ gzip:  2.76 kB
ℹ dist/empty-state-BZXh-NJB.js           9.69 kB │ gzip:  2.85 kB
ℹ dist/empty-state-Bz380OY7.js           9.69 kB │ gzip:  2.95 kB
ℹ dist/empty-state-Bx1I4r32.js.map       9.38 kB │ gzip:  3.07 kB
ℹ dist/empty-state--QA87_hZ.js.map       9.37 kB │ gzip:  3.06 kB
ℹ dist/empty-state-CX_bqipC.js           9.13 kB │ gzip:  2.78 kB
ℹ dist/empty-state-BbmJMue4.js           8.85 kB │ gzip:  2.78 kB
ℹ dist/empty-state-B9peiBhq.js           8.76 kB │ gzip:  2.83 kB
ℹ dist/empty-state-Dku1Pk_I.js           8.72 kB │ gzip:  2.70 kB
ℹ dist/empty-state-DuDTi8Pa.js           8.63 kB │ gzip:  2.90 kB
ℹ dist/empty-state-CrcBeIbI.js           8.59 kB │ gzip:  2.85 kB
ℹ dist/empty-state-DwKYSi5P.js           8.44 kB │ gzip:  2.63 kB
ℹ dist/empty-state-D5qcQX_G.js           8.43 kB │ gzip:  2.63 kB
ℹ dist/empty-state-C_lwFNRg.js           8.40 kB │ gzip:  2.84 kB
ℹ dist/empty-state-zRY-HB-Z.js           8.27 kB │ gzip:  2.53 kB
ℹ dist/empty-state-C-hIr8ir.js           8.20 kB │ gzip:  2.65 kB
ℹ dist/empty-state-2HXwXn3J.js           7.92 kB │ gzip:  2.42 kB
ℹ dist/empty-state-De98ycgO.js           7.15 kB │ gzip:  2.34 kB
ℹ dist/core-B8RCSsIQ.js.map              6.97 kB │ gzip:  1.98 kB
ℹ dist/empty-state-Bx1I4r32.js           6.82 kB │ gzip:  2.66 kB
ℹ dist/empty-state--QA87_hZ.js           6.81 kB │ gzip:  2.64 kB
ℹ dist/core-B8RCSsIQ.js                  4.28 kB │ gzip:  1.45 kB
ℹ dist/accessibility-BH9ethwp.js.map     2.58 kB │ gzip:  0.96 kB
ℹ dist/accessibility-Dmls8bAw.js.map     2.56 kB │ gzip:  0.95 kB
ℹ dist/accessibility-Bbk7VAT_.js.map     2.33 kB │ gzip:  0.93 kB
ℹ dist/accessibility-Cyu1fvpk.js.map     2.16 kB │ gzip:  0.82 kB
ℹ dist/accessibility-D5GcsGLG.js.map     2.12 kB │ gzip:  0.83 kB
ℹ dist/accessibility-DYMFDi-z.js.map     2.12 kB │ gzip:  0.84 kB
ℹ dist/accessibility-Dz-PtOqE.js.map     2.11 kB │ gzip:  0.81 kB
ℹ dist/accessibility-DQrDKEXq.js.map     2.10 kB │ gzip:  0.83 kB
ℹ dist/accessibility-DFby1Pqa.js.map     2.09 kB │ gzip:  0.79 kB
ℹ dist/accessibility-CjmM2Xm3.js.map     2.07 kB │ gzip:  0.78 kB
ℹ dist/accessibility-BNvQjWe3.js.map     2.06 kB │ gzip:  0.88 kB
ℹ dist/accessibility-DF7cOy8e.js.map     2.05 kB │ gzip:  0.86 kB
ℹ dist/accessibility-DgEQXtKu.js.map     2.04 kB │ gzip:  0.81 kB
ℹ dist/accessibility-W6Mmdylb.js.map     2.03 kB │ gzip:  0.78 kB
ℹ dist/accessibility-BH9ethwp.js         2.00 kB │ gzip:  0.79 kB
ℹ dist/accessibility-WfdVFTQC.js.map     2.00 kB │ gzip:  0.77 kB
ℹ dist/accessibility-Dmls8bAw.js         1.98 kB │ gzip:  0.78 kB
ℹ dist/accessibility-BCbmVAXx.js.map     1.94 kB │ gzip:  0.87 kB
ℹ dist/accessibility-CBQcMygp.js.map     1.94 kB │ gzip:  0.86 kB
ℹ dist/accessibility-CbnOSAaA.js.map     1.93 kB │ gzip:  0.73 kB
ℹ dist/accessibility-CuP_jweW.js.map     1.91 kB │ gzip:  0.69 kB
ℹ dist/accessibility-Bbk7VAT_.js         1.75 kB │ gzip:  0.75 kB
ℹ dist/accessibility-Cyu1fvpk.js         1.58 kB │ gzip:  0.65 kB
ℹ dist/accessibility-D5GcsGLG.js         1.54 kB │ gzip:  0.66 kB
ℹ dist/accessibility-DYMFDi-z.js         1.54 kB │ gzip:  0.67 kB
ℹ dist/accessibility-Dz-PtOqE.js         1.53 kB │ gzip:  0.64 kB
ℹ dist/accessibility-DQrDKEXq.js         1.52 kB │ gzip:  0.67 kB
ℹ dist/accessibility-DFby1Pqa.js         1.51 kB │ gzip:  0.63 kB
ℹ dist/accessibility-CjmM2Xm3.js         1.49 kB │ gzip:  0.61 kB
ℹ dist/accessibility-BNvQjWe3.js         1.48 kB │ gzip:  0.71 kB
ℹ dist/accessibility-DF7cOy8e.js         1.48 kB │ gzip:  0.69 kB
ℹ dist/accessibility-DgEQXtKu.js         1.46 kB │ gzip:  0.63 kB
ℹ dist/accessibility-W6Mmdylb.js         1.45 kB │ gzip:  0.61 kB
ℹ dist/accessibility-WfdVFTQC.js         1.42 kB │ gzip:  0.60 kB
ℹ dist/accessibility-BCbmVAXx.js         1.36 kB │ gzip:  0.69 kB
ℹ dist/accessibility-CBQcMygp.js         1.36 kB │ gzip:  0.69 kB
ℹ dist/accessibility-CbnOSAaA.js         1.35 kB │ gzip:  0.57 kB
ℹ dist/accessibility-CuP_jweW.js         1.32 kB │ gzip:  0.52 kB
ℹ dist/editor-BUhZo_Cu.js.map            0.18 kB │ gzip:  0.16 kB
ℹ dist/editor-BuFA5f_e.js.map            0.18 kB │ gzip:  0.16 kB
ℹ dist/editor-Ckcw_rVs.js.map            0.18 kB │ gzip:  0.16 kB
ℹ dist/editor-j_r67XNG.js.map            0.18 kB │ gzip:  0.17 kB
ℹ dist/editor-yIqSq-5W.js.map            0.18 kB │ gzip:  0.17 kB
ℹ dist/editor-9zLZkE41.js.map            0.17 kB │ gzip:  0.16 kB
ℹ dist/editor-B-9PHzaF.js.map            0.17 kB │ gzip:  0.16 kB
ℹ dist/editor-BDzA1Ojw.js.map            0.17 kB │ gzip:  0.16 kB
ℹ dist/editor-BIzBTq4Z.js.map            0.17 kB │ gzip:  0.16 kB
ℹ dist/editor-C3WspIm-.js.map            0.17 kB │ gzip:  0.16 kB
ℹ dist/editor-CGid2EJ6.js.map            0.17 kB │ gzip:  0.16 kB
ℹ dist/editor-CIAgCMO5.js.map            0.17 kB │ gzip:  0.16 kB
ℹ dist/editor-CxcKeB-j.js.map            0.17 kB │ gzip:  0.16 kB
ℹ dist/editor-DpnaoUnU.js.map            0.17 kB │ gzip:  0.16 kB
ℹ dist/editor-Hezb2J3S.js.map            0.17 kB │ gzip:  0.16 kB
ℹ dist/editor-NFKGp0gG.js.map            0.17 kB │ gzip:  0.16 kB
ℹ dist/editor-RKmm77Av.js.map            0.17 kB │ gzip:  0.16 kB
ℹ dist/editor-mFn0qowv.js.map            0.17 kB │ gzip:  0.16 kB
ℹ dist/editor-p0a5vmrS.js.map            0.17 kB │ gzip:  0.16 kB
ℹ dist/editor-BUhZo_Cu.js                0.16 kB │ gzip:  0.14 kB
ℹ dist/editor-BuFA5f_e.js                0.16 kB │ gzip:  0.14 kB
ℹ dist/editor-Ckcw_rVs.js                0.16 kB │ gzip:  0.14 kB
ℹ dist/editor-j_r67XNG.js                0.16 kB │ gzip:  0.14 kB
ℹ dist/editor-yIqSq-5W.js                0.16 kB │ gzip:  0.14 kB
ℹ dist/editor-9zLZkE41.js                0.15 kB │ gzip:  0.14 kB
ℹ dist/editor-B-9PHzaF.js                0.15 kB │ gzip:  0.14 kB
ℹ dist/editor-BDzA1Ojw.js                0.15 kB │ gzip:  0.14 kB
ℹ dist/editor-BIzBTq4Z.js                0.15 kB │ gzip:  0.14 kB
ℹ dist/editor-C3WspIm-.js                0.15 kB │ gzip:  0.14 kB
ℹ dist/editor-CGid2EJ6.js                0.15 kB │ gzip:  0.14 kB
ℹ dist/editor-CIAgCMO5.js                0.15 kB │ gzip:  0.14 kB
ℹ dist/editor-CxcKeB-j.js                0.15 kB │ gzip:  0.14 kB
ℹ dist/editor-Hezb2J3S.js                0.15 kB │ gzip:  0.14 kB
ℹ dist/editor-NFKGp0gG.js                0.15 kB │ gzip:  0.14 kB
ℹ dist/editor-RKmm77Av.js                0.15 kB │ gzip:  0.14 kB
ℹ dist/editor-mFn0qowv.js                0.15 kB │ gzip:  0.14 kB
ℹ dist/editor-p0a5vmrS.js                0.15 kB │ gzip:  0.14 kB
ℹ dist/editor-DpnaoUnU.js                0.15 kB │ gzip:  0.13 kB
ℹ dist/accessibility-By0XUGmH.js         0.12 kB │ gzip:  0.10 kB
ℹ dist/translations-BjNwpHLh.js          0.12 kB │ gzip:  0.10 kB
ℹ dist/empty-state-CSU-eNXa.js           0.11 kB │ gzip:  0.10 kB
ℹ dist/editor-BJXop2Ep.js                0.10 kB │ gzip:  0.09 kB
ℹ dist/core-CMX6jCKA.js                  0.09 kB │ gzip:  0.09 kB
ℹ dist/index.d.ts                     2490.18 kB
ℹ 163 files, total: 7271.62 kB
✔ Build complete in 3122ms
