
> @plane/propel@1.2.0 build /root/plane-hybrid-deployment/packages/propel
> tsdown

ℹ tsdown v0.16.0 powered by rolldown v1.0.0-beta.46
ℹ Using tsdown config: /root/plane-hybrid-deployment/packages/propel/tsdown.config.ts
ℹ entry: src/accordion/index.ts, src/animated-counter/index.ts, src/avatar/index.ts, src/banner/index.ts, src/button/index.ts, src/calendar/index.ts, src/card/index.ts, src/collapsible/index.ts, src/combobox/index.ts, src/command/index.ts, src/context-menu/index.ts, src/dialog/index.ts, src/emoji-icon-picker/index.ts, src/emoji-reaction/index.ts, src/empty-state/index.ts, src/icons/index.ts, src/input/index.ts, src/menu/index.ts, src/pill/index.ts, src/popover/index.ts, src/portal/index.ts, src/scrollarea/index.ts, src/skeleton/index.ts, src/switch/index.ts, src/tab-navigation/index.ts, src/table/index.ts, src/tabs/index.ts, src/toast/index.ts, src/toolbar/index.ts, src/tooltip/index.ts, src/utils/index.ts, src/charts/area-chart/index.ts, src/charts/bar-chart/index.ts, src/charts/line-chart/index.ts, src/charts/pie-chart/index.ts, src/charts/radar-chart/index.ts, src/charts/scatter-chart/index.ts, src/charts/tree-map/index.ts
ℹ tsconfig: tsconfig.json
ℹ Build start
ℹ Cleaning 227 files
ℹ dist/empty-state/index.js                 743.22 kB │ gzip: 212.26 kB
ℹ dist/toast/index.js                        10.44 kB │ gzip:   2.61 kB
ℹ dist/charts/bar-chart/index.js              9.45 kB │ gzip:   3.06 kB
ℹ dist/charts/tree-map/index.js               9.04 kB │ gzip:   2.67 kB
ℹ dist/portal/index.js                        5.97 kB │ gzip:   2.05 kB
ℹ dist/charts/pie-chart/index.js              5.84 kB │ gzip:   1.90 kB
ℹ dist/menu/index.js                          5.66 kB │ gzip:   1.80 kB
ℹ dist/icons/index.js                         5.62 kB │ gzip:   1.72 kB
ℹ dist/emoji-reaction/index.js                5.61 kB │ gzip:   1.87 kB
ℹ dist/charts/area-chart/index.js             5.07 kB │ gzip:   1.81 kB
ℹ dist/combobox/index.js                      4.70 kB │ gzip:   1.64 kB
ℹ dist/charts/line-chart/index.js             4.36 kB │ gzip:   1.58 kB
ℹ dist/charts/scatter-chart/index.js          4.09 kB │ gzip:   1.45 kB
ℹ dist/toolbar/index.js                       4.05 kB │ gzip:   1.32 kB
ℹ dist/context-menu/index.js                  3.60 kB │ gzip:   1.04 kB
ℹ dist/banner/index.js                        3.29 kB │ gzip:   1.23 kB
ℹ dist/dialog/index.js                        3.19 kB │ gzip:   1.01 kB
ℹ dist/scrollarea/index.js                    2.81 kB │ gzip:   0.98 kB
ℹ dist/charts/radar-chart/index.js            2.69 kB │ gzip:   1.08 kB
ℹ dist/table/index.js                         2.63 kB │ gzip:   0.74 kB
ℹ dist/avatar/index.js                        2.57 kB │ gzip:   0.99 kB
ℹ dist/tabs/index.js                          2.47 kB │ gzip:   0.88 kB
ℹ dist/collapsible/index.js                   2.02 kB │ gzip:   0.80 kB
ℹ dist/pill/index.js                          1.96 kB │ gzip:   0.83 kB
ℹ dist/accordion/index.js                     1.95 kB │ gzip:   0.73 kB
ℹ dist/tab-navigation/index.js                1.58 kB │ gzip:   0.67 kB
ℹ dist/switch/index.js                        1.52 kB │ gzip:   0.71 kB
ℹ dist/command/index.js                       1.51 kB │ gzip:   0.58 kB
ℹ dist/input/index.js                         1.28 kB │ gzip:   0.65 kB
ℹ dist/calendar/index.js                      1.16 kB │ gzip:   0.59 kB
ℹ dist/skeleton/index.js                      0.93 kB │ gzip:   0.47 kB
ℹ dist/emoji-icon-picker/index.js             0.71 kB │ gzip:   0.35 kB
ℹ dist/button/index.js                        0.29 kB │ gzip:   0.18 kB
ℹ dist/utils/index.js                         0.21 kB │ gzip:   0.15 kB
ℹ dist/card/index.js                          0.20 kB │ gzip:   0.15 kB
ℹ dist/animated-counter/index.js              0.20 kB │ gzip:   0.15 kB
ℹ dist/tooltip/index.js                       0.14 kB │ gzip:   0.12 kB
ℹ dist/popover/index.js                       0.11 kB │ gzip:   0.10 kB
ℹ dist/empty-state/index.js.map             853.51 kB │ gzip: 216.90 kB
ℹ dist/icons-BueZeOyQ.js.map                336.05 kB │ gzip:  92.85 kB
ℹ dist/icons-BueZeOyQ.js                    280.20 kB │ gzip:  86.75 kB
ℹ dist/emoji-icon-picker-BEd3RBLu.js.map     57.24 kB │ gzip:  13.07 kB
ℹ dist/emoji-icon-picker-BEd3RBLu.js         31.88 kB │ gzip:   8.36 kB
ℹ dist/charts/bar-chart/index.js.map         18.05 kB │ gzip:   5.67 kB
ℹ dist/charts/tree-map/index.js.map          16.54 kB │ gzip:   4.85 kB
ℹ dist/toast/index.js.map                    16.04 kB │ gzip:   4.32 kB
ℹ dist/index-ldoo5mRF.d.ts.map               15.14 kB │ gzip:   2.55 kB
ℹ dist/charts/pie-chart/index.js.map         10.51 kB │ gzip:   3.35 kB
ℹ dist/emoji-reaction/index.js.map            9.87 kB │ gzip:   3.15 kB
ℹ dist/charts/area-chart/index.js.map         9.64 kB │ gzip:   3.20 kB
ℹ dist/combobox/index.js.map                  9.63 kB │ gzip:   3.15 kB
ℹ dist/menu/index.js.map                      9.49 kB │ gzip:   3.08 kB
ℹ dist/portal/index.js.map                    9.06 kB │ gzip:   3.21 kB
ℹ dist/button-CJES52DI.js.map                 8.15 kB │ gzip:   2.11 kB
ℹ dist/charts/line-chart/index.js.map         7.94 kB │ gzip:   2.63 kB
ℹ dist/charts/scatter-chart/index.js.map      7.37 kB │ gzip:   2.42 kB
ℹ dist/toolbar/index.js.map                   7.19 kB │ gzip:   2.22 kB
ℹ dist/context-menu/index.js.map              7.09 kB │ gzip:   1.83 kB
ℹ dist/empty-state/index.d.ts.map             6.70 kB │ gzip:   1.33 kB
ℹ dist/banner/index.js.map                    6.65 kB │ gzip:   2.46 kB
ℹ dist/tooltip-Cc8Ky3IF.js.map                5.70 kB │ gzip:   2.03 kB
ℹ dist/button-CJES52DI.js                     5.64 kB │ gzip:   1.39 kB
ℹ dist/dialog/index.js.map                    5.59 kB │ gzip:   1.84 kB
ℹ dist/tabs/index.js.map                      5.29 kB │ gzip:   1.44 kB
ℹ dist/table/index.js.map                     4.80 kB │ gzip:   1.22 kB
ℹ dist/charts/radar-chart/index.js.map        4.75 kB │ gzip:   1.78 kB
ℹ dist/scrollarea/index.js.map                4.71 kB │ gzip:   1.55 kB
ℹ dist/avatar/index.js.map                    4.70 kB │ gzip:   1.60 kB
ℹ dist/animated-counter-B_t30jm9.js.map       4.06 kB │ gzip:   1.50 kB
ℹ dist/popover-C2bLVK6Y.js.map                3.94 kB │ gzip:   1.38 kB
ℹ dist/collapsible/index.js.map               3.78 kB │ gzip:   1.41 kB
ℹ dist/legend-Dn3oeCjV.js.map                 3.63 kB │ gzip:   1.54 kB
ℹ dist/accordion/index.js.map                 3.54 kB │ gzip:   1.22 kB
ℹ dist/tooltip-Cc8Ky3IF.js                    3.49 kB │ gzip:   1.18 kB
ℹ dist/tooltip-B1dEWWz7.js.map                3.16 kB │ gzip:   1.27 kB
ℹ dist/card-DKs_swY2.js.map                   3.12 kB │ gzip:   1.25 kB
ℹ dist/pill/index.js.map                      2.84 kB │ gzip:   1.14 kB
ℹ dist/switch/index.js.map                    2.61 kB │ gzip:   1.08 kB
ℹ dist/placement-Db9Qu3XD.js.map              2.56 kB │ gzip:   0.71 kB
ℹ dist/tab-navigation/index.js.map            2.38 kB │ gzip:   0.93 kB
ℹ dist/command/index.js.map                   2.35 kB │ gzip:   0.85 kB
ℹ dist/animated-counter-B_t30jm9.js           2.24 kB │ gzip:   0.87 kB
ℹ dist/input/index.js.map                     2.18 kB │ gzip:   0.99 kB
ℹ dist/popover-C2bLVK6Y.js                    2.15 kB │ gzip:   0.74 kB
ℹ dist/legend-Dn3oeCjV.js                     1.94 kB │ gzip:   0.92 kB
ℹ dist/card-DKs_swY2.js                       1.86 kB │ gzip:   0.79 kB
ℹ dist/combobox/index.d.ts.map                1.86 kB │ gzip:   0.66 kB
ℹ dist/tooltip-B1dEWWz7.js                    1.76 kB │ gzip:   0.80 kB
ℹ dist/calendar/index.js.map                  1.75 kB │ gzip:   0.80 kB
ℹ dist/portal/index.d.ts.map                  1.69 kB │ gzip:   0.67 kB
ℹ dist/skeleton/index.js.map                  1.54 kB │ gzip:   0.73 kB
ℹ dist/emoji-reaction/index.d.ts.map          1.54 kB │ gzip:   0.58 kB
ℹ dist/table/index.d.ts.map                   1.43 kB │ gzip:   0.43 kB
ℹ dist/tabs/index.d.ts.map                    1.31 kB │ gzip:   0.41 kB
ℹ dist/emoji-icon-picker/index.d.ts.map       1.29 kB │ gzip:   0.58 kB
ℹ dist/toast/index.d.ts.map                   1.28 kB │ gzip:   0.60 kB
ℹ dist/accordion/index.d.ts.map               1.20 kB │ gzip:   0.48 kB
ℹ dist/toolbar/index.d.ts.map                 1.18 kB │ gzip:   0.50 kB
ℹ dist/menu/index.d.ts.map                    1.16 kB │ gzip:   0.46 kB
ℹ dist/context-menu/index.d.ts.map            1.15 kB │ gzip:   0.47 kB
ℹ dist/placement-Db9Qu3XD.js                  1.13 kB │ gzip:   0.36 kB
ℹ dist/dialog/index.d.ts.map                  1.03 kB │ gzip:   0.47 kB
ℹ dist/collapsible/index.d.ts.map             0.90 kB │ gzip:   0.43 kB
ℹ dist/pill/index.d.ts.map                    0.84 kB │ gzip:   0.40 kB
ℹ dist/command/index.d.ts.map                 0.75 kB │ gzip:   0.35 kB
ℹ dist/card/index.d.ts.map                    0.66 kB │ gzip:   0.36 kB
ℹ dist/skeleton/index.d.ts.map                0.65 kB │ gzip:   0.32 kB
ℹ dist/banner/index.d.ts.map                  0.56 kB │ gzip:   0.31 kB
ℹ dist/tab-navigation/index.d.ts.map          0.52 kB │ gzip:   0.28 kB
ℹ dist/scrollarea/index.d.ts.map              0.52 kB │ gzip:   0.29 kB
ℹ dist/popover/index.d.ts.map                 0.51 kB │ gzip:   0.30 kB
ℹ dist/button/index.d.ts.map                  0.44 kB │ gzip:   0.25 kB
ℹ dist/switch/index.d.ts.map                  0.43 kB │ gzip:   0.24 kB
ℹ dist/tooltip/index.d.ts.map                 0.42 kB │ gzip:   0.25 kB
ℹ dist/avatar/index.d.ts.map                  0.41 kB │ gzip:   0.26 kB
ℹ dist/classname-iNHf9Pb8.js.map              0.37 kB │ gzip:   0.27 kB
ℹ dist/helper-BeEr4bgp.d.ts.map               0.36 kB │ gzip:   0.24 kB
ℹ dist/placement-CnF1q1iR.d.ts.map            0.35 kB │ gzip:   0.23 kB
ℹ dist/animated-counter/index.d.ts.map        0.32 kB │ gzip:   0.20 kB
ℹ dist/input/index.d.ts.map                   0.31 kB │ gzip:   0.21 kB
ℹ dist/classname-iNHf9Pb8.js                  0.23 kB │ gzip:   0.18 kB
ℹ dist/calendar/index.d.ts.map                0.20 kB │ gzip:   0.17 kB
ℹ dist/charts/scatter-chart/index.d.ts.map    0.20 kB │ gzip:   0.17 kB
ℹ dist/charts/line-chart/index.d.ts.map       0.20 kB │ gzip:   0.17 kB
ℹ dist/charts/area-chart/index.d.ts.map       0.20 kB │ gzip:   0.17 kB
ℹ dist/charts/bar-chart/index.d.ts.map        0.20 kB │ gzip:   0.16 kB
ℹ dist/charts/pie-chart/index.d.ts.map        0.20 kB │ gzip:   0.16 kB
ℹ dist/charts/radar-chart/index.d.ts.map      0.19 kB │ gzip:   0.16 kB
ℹ dist/charts/tree-map/index.d.ts.map         0.16 kB │ gzip:   0.14 kB
ℹ dist/utils/index.d.ts.map                   0.14 kB │ gzip:   0.13 kB
ℹ dist/utils-MPqvUdqq.js                      0.00 kB │ gzip:   0.02 kB
ℹ dist/empty-state/index.d.ts                14.91 kB │ gzip:   2.06 kB
ℹ dist/icons/index.d.ts                       5.75 kB │ gzip:   1.74 kB
ℹ dist/emoji-icon-picker/index.d.ts           4.01 kB │ gzip:   1.36 kB
ℹ dist/portal/index.d.ts                      3.88 kB │ gzip:   1.34 kB
ℹ dist/combobox/index.d.ts                    2.32 kB │ gzip:   0.77 kB
ℹ dist/emoji-reaction/index.d.ts              2.27 kB │ gzip:   0.70 kB
ℹ dist/table/index.d.ts                       1.95 kB │ gzip:   0.37 kB
ℹ dist/context-menu/index.d.ts                1.95 kB │ gzip:   0.53 kB
ℹ dist/tabs/index.d.ts                        1.84 kB │ gzip:   0.39 kB
ℹ dist/toolbar/index.d.ts                     1.80 kB │ gzip:   0.54 kB
ℹ dist/menu/index.d.ts                        1.73 kB │ gzip:   0.65 kB
ℹ dist/accordion/index.d.ts                   1.58 kB │ gzip:   0.48 kB
ℹ dist/toast/index.d.ts                       1.56 kB │ gzip:   0.59 kB
ℹ dist/dialog/index.d.ts                      1.38 kB │ gzip:   0.52 kB
ℹ dist/tab-navigation/index.d.ts              1.32 kB │ gzip:   0.49 kB
ℹ dist/avatar/index.d.ts                      1.25 kB │ gzip:   0.55 kB
ℹ dist/banner/index.d.ts                      1.07 kB │ gzip:   0.50 kB
ℹ dist/command/index.d.ts                     1.06 kB │ gzip:   0.34 kB
ℹ dist/collapsible/index.d.ts                 1.05 kB │ gzip:   0.42 kB
ℹ dist/scrollarea/index.d.ts                  0.97 kB │ gzip:   0.43 kB
ℹ dist/card/index.d.ts                        0.96 kB │ gzip:   0.45 kB
ℹ dist/pill/index.d.ts                        0.91 kB │ gzip:   0.46 kB
ℹ dist/skeleton/index.d.ts                    0.83 kB │ gzip:   0.36 kB
ℹ dist/popover/index.d.ts                     0.83 kB │ gzip:   0.44 kB
ℹ dist/button/index.d.ts                      0.80 kB │ gzip:   0.40 kB
ℹ dist/tooltip/index.d.ts                     0.72 kB │ gzip:   0.40 kB
ℹ dist/switch/index.d.ts                      0.56 kB │ gzip:   0.33 kB
ℹ dist/calendar/index.d.ts                    0.49 kB │ gzip:   0.30 kB
ℹ dist/input/index.d.ts                       0.45 kB │ gzip:   0.29 kB
ℹ dist/animated-counter/index.d.ts            0.44 kB │ gzip:   0.26 kB
ℹ dist/charts/scatter-chart/index.d.ts        0.42 kB │ gzip:   0.27 kB
ℹ dist/charts/area-chart/index.d.ts           0.40 kB │ gzip:   0.27 kB
ℹ dist/charts/line-chart/index.d.ts           0.40 kB │ gzip:   0.27 kB
ℹ dist/charts/bar-chart/index.d.ts            0.40 kB │ gzip:   0.27 kB
ℹ dist/charts/pie-chart/index.d.ts            0.40 kB │ gzip:   0.27 kB
ℹ dist/utils/index.d.ts                       0.37 kB │ gzip:   0.24 kB
ℹ dist/charts/radar-chart/index.d.ts          0.35 kB │ gzip:   0.24 kB
ℹ dist/charts/tree-map/index.d.ts             0.27 kB │ gzip:   0.19 kB
ℹ dist/index-ldoo5mRF.d.ts                   33.65 kB │ gzip:   4.70 kB
ℹ dist/helper-BeEr4bgp.d.ts                   0.84 kB │ gzip:   0.37 kB
ℹ dist/placement-CnF1q1iR.d.ts                0.59 kB │ gzip:   0.29 kB
ℹ 172 files, total: 2821.31 kB
✔ Build complete in 3323ms
